2022-07-22 10:45:10 [ restartedMain:1178 ] - [ INFO ] Starting DemotestcrudApplication on LAPTOP-R6NCC62U with PID 7308 (D:\idea\ideaproject\demo01\testcrud\target\classes started by 董航云的matebook14 in D:\idea\ideaproject\demo01\testcrud)
2022-07-22 10:45:10 [ restartedMain:1183 ] - [ INFO ] No active profile set, falling back to default profiles: default
2022-07-22 10:45:10 [ restartedMain:1277 ] - [ INFO ] Devtools property defaults active! Set 'spring.devtools.add-properties' to 'false' to disable
2022-07-22 10:45:10 [ restartedMain:1278 ] - [ INFO ] For additional web related logging consider setting the 'logging.level.web' property to 'DEBUG'
2022-07-22 10:45:13 [ restartedMain:3616 ] - [ INFO ] Tomcat initialized with port(s): 8080 (http)
2022-07-22 10:45:13 [ restartedMain:3668 ] - [ INFO ] Initializing ProtocolHandler ["http-nio-8080"]
2022-07-22 10:45:13 [ restartedMain:3669 ] - [ INFO ] Starting service [Tomcat]
2022-07-22 10:45:13 [ restartedMain:3670 ] - [ INFO ] Starting Servlet engine: [Apache Tomcat/9.0.38]
2022-07-22 10:45:13 [ restartedMain:3826 ] - [ INFO ] Initializing Spring embedded WebApplicationContext
2022-07-22 10:45:13 [ restartedMain:3827 ] - [ INFO ] Root WebApplicationContext: initialization completed in 2548 ms
2022-07-22 10:45:14 [ restartedMain:4977 ] - [ INFO ] Mapped URL path [/v2/api-docs] onto method [springfox.documentation.swagger2.web.Swagger2Controller#getDocumentation(String, HttpServletRequest)]
2022-07-22 10:45:14 [ restartedMain:5109 ] - [ INFO ] Initializing ExecutorService 'applicationTaskExecutor'
2022-07-22 10:45:14 [ restartedMain:5164 ] - [ INFO ] LiveReload server is running on port 35729
2022-07-22 10:45:14 [ restartedMain:5377 ] - [ INFO ] Starting ProtocolHandler ["http-nio-8080"]
2022-07-22 10:45:15 [ restartedMain:5416 ] - [ INFO ] Tomcat started on port(s): 8080 (http) with context path ''
2022-07-22 10:45:15 [ restartedMain:5418 ] - [ INFO ] Context refreshed
2022-07-22 10:45:15 [ restartedMain:5449 ] - [ INFO ] Found 1 custom documentation plugin(s)
2022-07-22 10:45:15 [ restartedMain:5501 ] - [ INFO ] Scanning for api listing references
2022-07-22 10:45:15 [ restartedMain:5842 ] - [ INFO ] Started DemotestcrudApplication in 5.512 seconds (JVM running for 6.579)
2022-07-22 10:45:32 [ http-nio-8080-exec-1:23294 ] - [ INFO ] Initializing Spring DispatcherServlet 'dispatcherServlet'
2022-07-22 10:45:32 [ http-nio-8080-exec-1:23294 ] - [ INFO ] Initializing Servlet 'dispatcherServlet'
2022-07-22 10:45:32 [ http-nio-8080-exec-1:23311 ] - [ INFO ] Completed initialization in 17 ms
2022-07-22 10:46:30 [ restartedMain:1111 ] - [ INFO ] Starting DemotestcrudApplication on LAPTOP-R6NCC62U with PID 6224 (D:\idea\ideaproject\demo01\testcrud\target\classes started by 董航云的matebook14 in D:\idea\ideaproject\demo01\testcrud)
2022-07-22 10:46:30 [ restartedMain:1115 ] - [ INFO ] No active profile set, falling back to default profiles: default
2022-07-22 10:46:30 [ restartedMain:1204 ] - [ INFO ] Devtools property defaults active! Set 'spring.devtools.add-properties' to 'false' to disable
2022-07-22 10:46:30 [ restartedMain:1204 ] - [ INFO ] For additional web related logging consider setting the 'logging.level.web' property to 'DEBUG'
2022-07-22 10:46:32 [ restartedMain:3129 ] - [ INFO ] Tomcat initialized with port(s): 8080 (http)
2022-07-22 10:46:32 [ restartedMain:3142 ] - [ INFO ] Initializing ProtocolHandler ["http-nio-8080"]
2022-07-22 10:46:32 [ restartedMain:3143 ] - [ INFO ] Starting service [Tomcat]
2022-07-22 10:46:32 [ restartedMain:3143 ] - [ INFO ] Starting Servlet engine: [Apache Tomcat/9.0.38]
2022-07-22 10:46:32 [ restartedMain:3289 ] - [ INFO ] Initializing Spring embedded WebApplicationContext
2022-07-22 10:46:32 [ restartedMain:3290 ] - [ INFO ] Root WebApplicationContext: initialization completed in 2085 ms
2022-07-22 10:46:33 [ restartedMain:4273 ] - [ INFO ] Mapped URL path [/v2/api-docs] onto method [springfox.documentation.swagger2.web.Swagger2Controller#getDocumentation(String, HttpServletRequest)]
2022-07-22 10:46:33 [ restartedMain:4369 ] - [ INFO ] Initializing ExecutorService 'applicationTaskExecutor'
2022-07-22 10:46:33 [ restartedMain:4433 ] - [ INFO ] LiveReload server is running on port 35729
2022-07-22 10:46:33 [ restartedMain:4623 ] - [ INFO ] Starting ProtocolHandler ["http-nio-8080"]
2022-07-22 10:46:33 [ restartedMain:4651 ] - [ INFO ] Tomcat started on port(s): 8080 (http) with context path ''
2022-07-22 10:46:33 [ restartedMain:4652 ] - [ INFO ] Context refreshed
2022-07-22 10:46:33 [ restartedMain:4671 ] - [ INFO ] Found 1 custom documentation plugin(s)
2022-07-22 10:46:34 [ restartedMain:4707 ] - [ INFO ] Scanning for api listing references
2022-07-22 10:46:34 [ restartedMain:5025 ] - [ INFO ] Started DemotestcrudApplication in 4.664 seconds (JVM running for 5.794)
2022-07-22 10:48:28 [ http-nio-8080-exec-1:118902 ] - [ INFO ] Initializing Spring DispatcherServlet 'dispatcherServlet'
2022-07-22 10:48:28 [ http-nio-8080-exec-1:118904 ] - [ INFO ] Initializing Servlet 'dispatcherServlet'
2022-07-22 10:48:28 [ http-nio-8080-exec-1:118920 ] - [ INFO ] Completed initialization in 15 ms
2022-07-22 11:02:14 [ http-nio-8080-exec-6:945659 ] - [ INFO ] HikariPool-1 - Starting...
2022-07-22 11:02:16 [ http-nio-8080-exec-6:947270 ] - [ INFO ] HikariPool-1 - Start completed.
