2022-08-14 18:16:39 [ restartedMain:806 ] - [ INFO ] Starting DemotestcrudApplication on LAPTOP-R6NCC62U with PID 15008 (D:\idea\ideaproject\demo01\testcrud\target\classes started by 董航云的matebook14 in D:\idea\ideaproject\demo01\testcrud)
2022-08-14 18:16:39 [ restartedMain:810 ] - [ INFO ] No active profile set, falling back to default profiles: default
2022-08-14 18:16:39 [ restartedMain:902 ] - [ INFO ] Devtools property defaults active! Set 'spring.devtools.add-properties' to 'false' to disable
2022-08-14 18:16:39 [ restartedMain:903 ] - [ INFO ] For additional web related logging consider setting the 'logging.level.web' property to 'DEBUG'
2022-08-14 18:16:41 [ restartedMain:2539 ] - [ INFO ] Tomcat initialized with port(s): 8080 (http)
2022-08-14 18:16:41 [ restartedMain:2550 ] - [ INFO ] Initializing ProtocolHandler ["http-nio-8080"]
2022-08-14 18:16:41 [ restartedMain:2551 ] - [ INFO ] Starting service [Tomcat]
2022-08-14 18:16:41 [ restartedMain:2552 ] - [ INFO ] Starting Servlet engine: [Apache Tomcat/9.0.38]
2022-08-14 18:16:41 [ restartedMain:2654 ] - [ INFO ] Initializing Spring embedded WebApplicationContext
2022-08-14 18:16:41 [ restartedMain:2655 ] - [ INFO ] Root WebApplicationContext: initialization completed in 1752 ms
2022-08-14 18:16:42 [ restartedMain:3615 ] - [ INFO ] Mapped URL path [/v2/api-docs] onto method [springfox.documentation.swagger2.web.Swagger2Controller#getDocumentation(String, HttpServletRequest)]
2022-08-14 18:16:42 [ restartedMain:3707 ] - [ INFO ] Initializing ExecutorService 'applicationTaskExecutor'
2022-08-14 18:16:42 [ restartedMain:3757 ] - [ INFO ] LiveReload server is running on port 35729
2022-08-14 18:16:42 [ restartedMain:3913 ] - [ INFO ] Starting ProtocolHandler ["http-nio-8080"]
2022-08-14 18:16:42 [ restartedMain:3939 ] - [ INFO ] Tomcat started on port(s): 8080 (http) with context path ''
2022-08-14 18:16:42 [ restartedMain:3939 ] - [ INFO ] Context refreshed
2022-08-14 18:16:42 [ restartedMain:3960 ] - [ INFO ] Found 1 custom documentation plugin(s)
2022-08-14 18:16:42 [ restartedMain:3994 ] - [ INFO ] Scanning for api listing references
2022-08-14 18:16:42 [ restartedMain:4201 ] - [ INFO ] Started DemotestcrudApplication in 3.977 seconds (JVM running for 5.068)
2022-08-14 18:16:48 [ http-nio-8080-exec-1:10108 ] - [ INFO ] Initializing Spring DispatcherServlet 'dispatcherServlet'
2022-08-14 18:16:48 [ http-nio-8080-exec-1:10109 ] - [ INFO ] Initializing Servlet 'dispatcherServlet'
2022-08-14 18:16:48 [ http-nio-8080-exec-1:10119 ] - [ INFO ] Completed initialization in 10 ms
2022-08-14 18:16:48 [ http-nio-8080-exec-1:10170 ] - [ INFO ] HikariPool-1 - Starting...
2022-08-14 18:16:49 [ http-nio-8080-exec-1:10977 ] - [ INFO ] HikariPool-1 - Start completed.
2022-08-14 18:17:46 [ restartedMain:621 ] - [ INFO ] Starting DemotestcrudApplication on LAPTOP-R6NCC62U with PID 3380 (D:\idea\ideaproject\demo01\testcrud\target\classes started by 董航云的matebook14 in D:\idea\ideaproject\demo01\testcrud)
2022-08-14 18:17:46 [ restartedMain:623 ] - [ INFO ] No active profile set, falling back to default profiles: default
2022-08-14 18:17:46 [ restartedMain:670 ] - [ INFO ] Devtools property defaults active! Set 'spring.devtools.add-properties' to 'false' to disable
2022-08-14 18:17:46 [ restartedMain:671 ] - [ INFO ] For additional web related logging consider setting the 'logging.level.web' property to 'DEBUG'
2022-08-14 18:17:47 [ restartedMain:1922 ] - [ INFO ] Tomcat initialized with port(s): 8080 (http)
2022-08-14 18:17:47 [ restartedMain:1931 ] - [ INFO ] Initializing ProtocolHandler ["http-nio-8080"]
2022-08-14 18:17:47 [ restartedMain:1931 ] - [ INFO ] Starting service [Tomcat]
2022-08-14 18:17:47 [ restartedMain:1932 ] - [ INFO ] Starting Servlet engine: [Apache Tomcat/9.0.38]
2022-08-14 18:17:47 [ restartedMain:2012 ] - [ INFO ] Initializing Spring embedded WebApplicationContext
2022-08-14 18:17:47 [ restartedMain:2012 ] - [ INFO ] Root WebApplicationContext: initialization completed in 1341 ms
2022-08-14 18:17:48 [ restartedMain:2727 ] - [ INFO ] Mapped URL path [/v2/api-docs] onto method [springfox.documentation.swagger2.web.Swagger2Controller#getDocumentation(String, HttpServletRequest)]
2022-08-14 18:17:48 [ restartedMain:2807 ] - [ INFO ] Initializing ExecutorService 'applicationTaskExecutor'
2022-08-14 18:17:48 [ restartedMain:2845 ] - [ INFO ] LiveReload server is running on port 35729
2022-08-14 18:17:48 [ restartedMain:2973 ] - [ INFO ] Starting ProtocolHandler ["http-nio-8080"]
2022-08-14 18:17:48 [ restartedMain:2995 ] - [ INFO ] Tomcat started on port(s): 8080 (http) with context path ''
2022-08-14 18:17:48 [ restartedMain:2996 ] - [ INFO ] Context refreshed
2022-08-14 18:17:48 [ restartedMain:3012 ] - [ INFO ] Found 1 custom documentation plugin(s)
2022-08-14 18:17:48 [ restartedMain:3040 ] - [ INFO ] Scanning for api listing references
2022-08-14 18:17:48 [ restartedMain:3214 ] - [ INFO ] Started DemotestcrudApplication in 3.021 seconds (JVM running for 3.741)
2022-08-14 18:18:01 [ http-nio-8080-exec-1:16480 ] - [ INFO ] Initializing Spring DispatcherServlet 'dispatcherServlet'
2022-08-14 18:18:01 [ http-nio-8080-exec-1:16480 ] - [ INFO ] Initializing Servlet 'dispatcherServlet'
2022-08-14 18:18:01 [ http-nio-8080-exec-1:16486 ] - [ INFO ] Completed initialization in 6 ms
2022-08-14 18:18:01 [ http-nio-8080-exec-1:16532 ] - [ INFO ] HikariPool-1 - Starting...
2022-08-14 18:18:02 [ http-nio-8080-exec-1:16954 ] - [ INFO ] HikariPool-1 - Start completed.
2022-08-14 18:18:31 [ restartedMain:734 ] - [ INFO ] Starting DemotestcrudApplication on LAPTOP-R6NCC62U with PID 13168 (D:\idea\ideaproject\demo01\testcrud\target\classes started by 董航云的matebook14 in D:\idea\ideaproject\demo01\testcrud)
2022-08-14 18:18:31 [ restartedMain:736 ] - [ INFO ] No active profile set, falling back to default profiles: default
2022-08-14 18:18:31 [ restartedMain:802 ] - [ INFO ] Devtools property defaults active! Set 'spring.devtools.add-properties' to 'false' to disable
2022-08-14 18:18:31 [ restartedMain:802 ] - [ INFO ] For additional web related logging consider setting the 'logging.level.web' property to 'DEBUG'
2022-08-14 18:18:33 [ restartedMain:2203 ] - [ INFO ] Tomcat initialized with port(s): 8080 (http)
2022-08-14 18:18:33 [ restartedMain:2212 ] - [ INFO ] Initializing ProtocolHandler ["http-nio-8080"]
2022-08-14 18:18:33 [ restartedMain:2213 ] - [ INFO ] Starting service [Tomcat]
2022-08-14 18:18:33 [ restartedMain:2213 ] - [ INFO ] Starting Servlet engine: [Apache Tomcat/9.0.38]
2022-08-14 18:18:33 [ restartedMain:2299 ] - [ INFO ] Initializing Spring embedded WebApplicationContext
2022-08-14 18:18:33 [ restartedMain:2299 ] - [ INFO ] Root WebApplicationContext: initialization completed in 1497 ms
2022-08-14 18:18:33 [ restartedMain:3091 ] - [ INFO ] Mapped URL path [/v2/api-docs] onto method [springfox.documentation.swagger2.web.Swagger2Controller#getDocumentation(String, HttpServletRequest)]
2022-08-14 18:18:34 [ restartedMain:3178 ] - [ INFO ] Initializing ExecutorService 'applicationTaskExecutor'
2022-08-14 18:18:34 [ restartedMain:3222 ] - [ INFO ] LiveReload server is running on port 35729
2022-08-14 18:18:34 [ restartedMain:3366 ] - [ INFO ] Starting ProtocolHandler ["http-nio-8080"]
2022-08-14 18:18:34 [ restartedMain:3390 ] - [ INFO ] Tomcat started on port(s): 8080 (http) with context path ''
2022-08-14 18:18:34 [ restartedMain:3391 ] - [ INFO ] Context refreshed
2022-08-14 18:18:34 [ restartedMain:3407 ] - [ INFO ] Found 1 custom documentation plugin(s)
2022-08-14 18:18:34 [ restartedMain:3440 ] - [ INFO ] Scanning for api listing references
2022-08-14 18:18:34 [ restartedMain:3641 ] - [ INFO ] Started DemotestcrudApplication in 3.42 seconds (JVM running for 4.314)
2022-08-14 18:18:35 [ http-nio-8080-exec-1:4378 ] - [ INFO ] Initializing Spring DispatcherServlet 'dispatcherServlet'
2022-08-14 18:18:35 [ http-nio-8080-exec-1:4378 ] - [ INFO ] Initializing Servlet 'dispatcherServlet'
2022-08-14 18:18:35 [ http-nio-8080-exec-1:4386 ] - [ INFO ] Completed initialization in 8 ms
2022-08-14 18:18:35 [ http-nio-8080-exec-1:4436 ] - [ INFO ] HikariPool-1 - Starting...
2022-08-14 18:18:35 [ http-nio-8080-exec-1:4908 ] - [ INFO ] HikariPool-1 - Start completed.
2022-08-14 18:32:24 [ restartedMain:635 ] - [ INFO ] Starting DemotestcrudApplication on LAPTOP-R6NCC62U with PID 2132 (D:\idea\ideaproject\demo01\testcrud\target\classes started by 董航云的matebook14 in D:\idea\ideaproject\demo01\testcrud)
2022-08-14 18:32:24 [ restartedMain:637 ] - [ INFO ] No active profile set, falling back to default profiles: default
2022-08-14 18:32:24 [ restartedMain:685 ] - [ INFO ] Devtools property defaults active! Set 'spring.devtools.add-properties' to 'false' to disable
2022-08-14 18:32:24 [ restartedMain:685 ] - [ INFO ] For additional web related logging consider setting the 'logging.level.web' property to 'DEBUG'
2022-08-14 18:32:25 [ restartedMain:1980 ] - [ INFO ] Tomcat initialized with port(s): 8080 (http)
2022-08-14 18:32:25 [ restartedMain:1987 ] - [ INFO ] Initializing ProtocolHandler ["http-nio-8080"]
2022-08-14 18:32:25 [ restartedMain:1988 ] - [ INFO ] Starting service [Tomcat]
2022-08-14 18:32:25 [ restartedMain:1989 ] - [ INFO ] Starting Servlet engine: [Apache Tomcat/9.0.38]
2022-08-14 18:32:25 [ restartedMain:2064 ] - [ INFO ] Initializing Spring embedded WebApplicationContext
2022-08-14 18:32:25 [ restartedMain:2064 ] - [ INFO ] Root WebApplicationContext: initialization completed in 1379 ms
2022-08-14 18:32:26 [ restartedMain:2777 ] - [ INFO ] Mapped URL path [/v2/api-docs] onto method [springfox.documentation.swagger2.web.Swagger2Controller#getDocumentation(String, HttpServletRequest)]
2022-08-14 18:32:26 [ restartedMain:2844 ] - [ INFO ] Initializing ExecutorService 'applicationTaskExecutor'
2022-08-14 18:32:26 [ restartedMain:2881 ] - [ INFO ] LiveReload server is running on port 35729
2022-08-14 18:32:26 [ restartedMain:3013 ] - [ INFO ] Starting ProtocolHandler ["http-nio-8080"]
2022-08-14 18:32:26 [ restartedMain:3035 ] - [ INFO ] Tomcat started on port(s): 8080 (http) with context path ''
2022-08-14 18:32:26 [ restartedMain:3036 ] - [ INFO ] Context refreshed
2022-08-14 18:32:26 [ restartedMain:3052 ] - [ INFO ] Found 1 custom documentation plugin(s)
2022-08-14 18:32:26 [ restartedMain:3078 ] - [ INFO ] Scanning for api listing references
2022-08-14 18:32:26 [ restartedMain:3252 ] - [ INFO ] Started DemotestcrudApplication in 3.08 seconds (JVM running for 3.791)
2022-08-14 18:34:29 [ http-nio-8080-exec-1:125762 ] - [ INFO ] Initializing Spring DispatcherServlet 'dispatcherServlet'
2022-08-14 18:34:29 [ http-nio-8080-exec-1:125762 ] - [ INFO ] Initializing Servlet 'dispatcherServlet'
2022-08-14 18:34:29 [ http-nio-8080-exec-1:125771 ] - [ INFO ] Completed initialization in 9 ms
2022-08-14 18:34:29 [ http-nio-8080-exec-1:125905 ] - [ INFO ] HikariPool-1 - Starting...
2022-08-14 18:34:29 [ http-nio-8080-exec-1:126506 ] - [ INFO ] HikariPool-1 - Start completed.
2022-08-14 22:05:45 [ HikariPool-1 housekeeper:12801855 ] - [ WARN ] HikariPool-1 - Thread starvation or clock leap detected (housekeeper delta=3h30m17s604ms797µs400ns).
2022-08-14 22:26:13 [ restartedMain:1144 ] - [ INFO ] Starting DemotestcrudApplication on LAPTOP-R6NCC62U with PID 17880 (D:\idea\ideaproject\demo01\testcrud\target\classes started by 董航云的matebook14 in D:\idea\ideaproject\demo01\testcrud)
2022-08-14 22:26:13 [ restartedMain:1147 ] - [ INFO ] No active profile set, falling back to default profiles: default
2022-08-14 22:26:13 [ restartedMain:1236 ] - [ INFO ] Devtools property defaults active! Set 'spring.devtools.add-properties' to 'false' to disable
2022-08-14 22:26:13 [ restartedMain:1239 ] - [ INFO ] For additional web related logging consider setting the 'logging.level.web' property to 'DEBUG'
2022-08-14 22:26:15 [ restartedMain:3359 ] - [ INFO ] Tomcat initialized with port(s): 8080 (http)
2022-08-14 22:26:15 [ restartedMain:3369 ] - [ INFO ] Initializing ProtocolHandler ["http-nio-8080"]
2022-08-14 22:26:15 [ restartedMain:3370 ] - [ INFO ] Starting service [Tomcat]
2022-08-14 22:26:15 [ restartedMain:3371 ] - [ INFO ] Starting Servlet engine: [Apache Tomcat/9.0.38]
2022-08-14 22:26:16 [ restartedMain:3497 ] - [ INFO ] Initializing Spring embedded WebApplicationContext
2022-08-14 22:26:16 [ restartedMain:3498 ] - [ INFO ] Root WebApplicationContext: initialization completed in 2258 ms
2022-08-14 22:26:17 [ restartedMain:5030 ] - [ INFO ] Mapped URL path [/v2/api-docs] onto method [springfox.documentation.swagger2.web.Swagger2Controller#getDocumentation(String, HttpServletRequest)]
2022-08-14 22:26:17 [ restartedMain:5183 ] - [ INFO ] Initializing ExecutorService 'applicationTaskExecutor'
2022-08-14 22:26:17 [ restartedMain:5268 ] - [ INFO ] LiveReload server is running on port 35729
2022-08-14 22:26:18 [ restartedMain:5652 ] - [ INFO ] Starting ProtocolHandler ["http-nio-8080"]
2022-08-14 22:26:18 [ restartedMain:5721 ] - [ INFO ] Tomcat started on port(s): 8080 (http) with context path ''
2022-08-14 22:26:18 [ restartedMain:5724 ] - [ INFO ] Context refreshed
2022-08-14 22:26:18 [ restartedMain:5769 ] - [ INFO ] Found 1 custom documentation plugin(s)
2022-08-14 22:26:18 [ restartedMain:5850 ] - [ INFO ] Scanning for api listing references
2022-08-14 22:26:18 [ restartedMain:6319 ] - [ INFO ] Started DemotestcrudApplication in 5.979 seconds (JVM running for 7.436)
2022-08-14 22:26:33 [ http-nio-8080-exec-1:21020 ] - [ INFO ] Initializing Spring DispatcherServlet 'dispatcherServlet'
2022-08-14 22:26:33 [ http-nio-8080-exec-1:21021 ] - [ INFO ] Initializing Servlet 'dispatcherServlet'
2022-08-14 22:26:33 [ http-nio-8080-exec-1:21046 ] - [ INFO ] Completed initialization in 24 ms
2022-08-14 22:26:33 [ pool-1-thread-1:21305 ] - [ INFO ] HikariPool-1 - Starting...
2022-08-14 22:26:35 [ pool-1-thread-1:22654 ] - [ INFO ] HikariPool-1 - Start completed.
2022-08-14 22:28:08 [ restartedMain:1310 ] - [ INFO ] Starting DemotestcrudApplication on LAPTOP-R6NCC62U with PID 14980 (D:\idea\ideaproject\demo01\testcrud\target\classes started by 董航云的matebook14 in D:\idea\ideaproject\demo01\testcrud)
2022-08-14 22:28:08 [ restartedMain:1314 ] - [ INFO ] No active profile set, falling back to default profiles: default
2022-08-14 22:28:08 [ restartedMain:1418 ] - [ INFO ] Devtools property defaults active! Set 'spring.devtools.add-properties' to 'false' to disable
2022-08-14 22:28:08 [ restartedMain:1418 ] - [ INFO ] For additional web related logging consider setting the 'logging.level.web' property to 'DEBUG'
2022-08-14 22:28:11 [ restartedMain:3656 ] - [ INFO ] Tomcat initialized with port(s): 8080 (http)
2022-08-14 22:28:11 [ restartedMain:3673 ] - [ INFO ] Initializing ProtocolHandler ["http-nio-8080"]
2022-08-14 22:28:11 [ restartedMain:3675 ] - [ INFO ] Starting service [Tomcat]
2022-08-14 22:28:11 [ restartedMain:3676 ] - [ INFO ] Starting Servlet engine: [Apache Tomcat/9.0.38]
2022-08-14 22:28:11 [ restartedMain:3906 ] - [ INFO ] Initializing Spring embedded WebApplicationContext
2022-08-14 22:28:11 [ restartedMain:3907 ] - [ INFO ] Root WebApplicationContext: initialization completed in 2487 ms
2022-08-14 22:28:12 [ restartedMain:5455 ] - [ INFO ] Mapped URL path [/v2/api-docs] onto method [springfox.documentation.swagger2.web.Swagger2Controller#getDocumentation(String, HttpServletRequest)]
2022-08-14 22:28:13 [ restartedMain:5598 ] - [ INFO ] Initializing ExecutorService 'applicationTaskExecutor'
2022-08-14 22:28:13 [ restartedMain:5649 ] - [ INFO ] LiveReload server is running on port 35729
2022-08-14 22:28:13 [ restartedMain:5888 ] - [ INFO ] Starting ProtocolHandler ["http-nio-8080"]
2022-08-14 22:28:13 [ restartedMain:5929 ] - [ INFO ] Tomcat started on port(s): 8080 (http) with context path ''
2022-08-14 22:28:13 [ restartedMain:5930 ] - [ INFO ] Context refreshed
2022-08-14 22:28:13 [ restartedMain:5958 ] - [ INFO ] Found 1 custom documentation plugin(s)
2022-08-14 22:28:13 [ restartedMain:6010 ] - [ INFO ] Scanning for api listing references
2022-08-14 22:28:13 [ restartedMain:6383 ] - [ INFO ] Started DemotestcrudApplication in 5.924 seconds (JVM running for 7.275)
2022-08-14 22:28:18 [ http-nio-8080-exec-1:11525 ] - [ INFO ] Initializing Spring DispatcherServlet 'dispatcherServlet'
2022-08-14 22:28:18 [ http-nio-8080-exec-1:11526 ] - [ INFO ] Initializing Servlet 'dispatcherServlet'
2022-08-14 22:28:18 [ http-nio-8080-exec-1:11554 ] - [ INFO ] Completed initialization in 28 ms
2022-08-14 22:28:19 [ pool-1-thread-1:11890 ] - [ INFO ] HikariPool-1 - Starting...
2022-08-14 22:28:20 [ pool-1-thread-1:13233 ] - [ INFO ] HikariPool-1 - Start completed.
2022-08-14 22:28:42 [ restartedMain:1181 ] - [ INFO ] Starting DemotestcrudApplication on LAPTOP-R6NCC62U with PID 17204 (D:\idea\ideaproject\demo01\testcrud\target\classes started by 董航云的matebook14 in D:\idea\ideaproject\demo01\testcrud)
2022-08-14 22:28:42 [ restartedMain:1185 ] - [ INFO ] No active profile set, falling back to default profiles: default
2022-08-14 22:28:42 [ restartedMain:1266 ] - [ INFO ] Devtools property defaults active! Set 'spring.devtools.add-properties' to 'false' to disable
2022-08-14 22:28:42 [ restartedMain:1268 ] - [ INFO ] For additional web related logging consider setting the 'logging.level.web' property to 'DEBUG'
2022-08-14 22:28:45 [ restartedMain:3747 ] - [ INFO ] Tomcat initialized with port(s): 8080 (http)
2022-08-14 22:28:45 [ restartedMain:3763 ] - [ INFO ] Initializing ProtocolHandler ["http-nio-8080"]
2022-08-14 22:28:45 [ restartedMain:3764 ] - [ INFO ] Starting service [Tomcat]
2022-08-14 22:28:45 [ restartedMain:3764 ] - [ INFO ] Starting Servlet engine: [Apache Tomcat/9.0.38]
2022-08-14 22:28:45 [ restartedMain:3919 ] - [ INFO ] Initializing Spring embedded WebApplicationContext
2022-08-14 22:28:45 [ restartedMain:3920 ] - [ INFO ] Root WebApplicationContext: initialization completed in 2651 ms
2022-08-14 22:28:46 [ restartedMain:5138 ] - [ INFO ] Mapped URL path [/v2/api-docs] onto method [springfox.documentation.swagger2.web.Swagger2Controller#getDocumentation(String, HttpServletRequest)]
2022-08-14 22:28:46 [ restartedMain:5270 ] - [ INFO ] Initializing ExecutorService 'applicationTaskExecutor'
2022-08-14 22:28:46 [ restartedMain:5345 ] - [ INFO ] LiveReload server is running on port 35729
2022-08-14 22:28:46 [ restartedMain:5676 ] - [ INFO ] Starting ProtocolHandler ["http-nio-8080"]
2022-08-14 22:28:47 [ restartedMain:5727 ] - [ INFO ] Tomcat started on port(s): 8080 (http) with context path ''
2022-08-14 22:28:47 [ restartedMain:5729 ] - [ INFO ] Context refreshed
2022-08-14 22:28:47 [ restartedMain:5763 ] - [ INFO ] Found 1 custom documentation plugin(s)
2022-08-14 22:28:47 [ restartedMain:5829 ] - [ INFO ] Scanning for api listing references
2022-08-14 22:28:47 [ restartedMain:6182 ] - [ INFO ] Started DemotestcrudApplication in 5.767 seconds (JVM running for 7.022)
2022-08-14 22:28:51 [ http-nio-8080-exec-1:10055 ] - [ INFO ] Initializing Spring DispatcherServlet 'dispatcherServlet'
2022-08-14 22:28:51 [ http-nio-8080-exec-1:10055 ] - [ INFO ] Initializing Servlet 'dispatcherServlet'
2022-08-14 22:28:51 [ http-nio-8080-exec-1:10086 ] - [ INFO ] Completed initialization in 30 ms
2022-08-14 22:28:51 [ pool-1-thread-1:10401 ] - [ INFO ] HikariPool-1 - Starting...
2022-08-14 22:28:53 [ pool-1-thread-1:12260 ] - [ INFO ] HikariPool-1 - Start completed.
2022-08-14 22:30:08 [ restartedMain:1048 ] - [ INFO ] Starting DemotestcrudApplication on LAPTOP-R6NCC62U with PID 18664 (D:\idea\ideaproject\demo01\testcrud\target\classes started by 董航云的matebook14 in D:\idea\ideaproject\demo01\testcrud)
2022-08-14 22:30:08 [ restartedMain:1051 ] - [ INFO ] No active profile set, falling back to default profiles: default
2022-08-14 22:30:08 [ restartedMain:1135 ] - [ INFO ] Devtools property defaults active! Set 'spring.devtools.add-properties' to 'false' to disable
2022-08-14 22:30:08 [ restartedMain:1136 ] - [ INFO ] For additional web related logging consider setting the 'logging.level.web' property to 'DEBUG'
2022-08-14 22:30:10 [ restartedMain:3438 ] - [ INFO ] Tomcat initialized with port(s): 8080 (http)
2022-08-14 22:30:10 [ restartedMain:3455 ] - [ INFO ] Initializing ProtocolHandler ["http-nio-8080"]
2022-08-14 22:30:10 [ restartedMain:3457 ] - [ INFO ] Starting service [Tomcat]
2022-08-14 22:30:10 [ restartedMain:3458 ] - [ INFO ] Starting Servlet engine: [Apache Tomcat/9.0.38]
2022-08-14 22:30:10 [ restartedMain:3592 ] - [ INFO ] Initializing Spring embedded WebApplicationContext
2022-08-14 22:30:10 [ restartedMain:3592 ] - [ INFO ] Root WebApplicationContext: initialization completed in 2456 ms
2022-08-14 22:30:12 [ restartedMain:5223 ] - [ INFO ] Mapped URL path [/v2/api-docs] onto method [springfox.documentation.swagger2.web.Swagger2Controller#getDocumentation(String, HttpServletRequest)]
2022-08-14 22:30:12 [ restartedMain:5354 ] - [ INFO ] Initializing ExecutorService 'applicationTaskExecutor'
2022-08-14 22:30:12 [ restartedMain:5483 ] - [ INFO ] LiveReload server is running on port 35729
2022-08-14 22:30:13 [ restartedMain:6060 ] - [ INFO ] Starting ProtocolHandler ["http-nio-8080"]
2022-08-14 22:30:13 [ restartedMain:6142 ] - [ INFO ] Tomcat started on port(s): 8080 (http) with context path ''
2022-08-14 22:30:13 [ restartedMain:6147 ] - [ INFO ] Context refreshed
2022-08-14 22:30:13 [ restartedMain:6221 ] - [ INFO ] Found 1 custom documentation plugin(s)
2022-08-14 22:30:13 [ restartedMain:6351 ] - [ INFO ] Scanning for api listing references
2022-08-14 22:30:14 [ restartedMain:7153 ] - [ INFO ] Started DemotestcrudApplication in 6.819 seconds (JVM running for 7.926)
2022-08-14 22:30:24 [ http-nio-8080-exec-1:16734 ] - [ INFO ] Initializing Spring DispatcherServlet 'dispatcherServlet'
2022-08-14 22:30:24 [ http-nio-8080-exec-1:16734 ] - [ INFO ] Initializing Servlet 'dispatcherServlet'
2022-08-14 22:30:24 [ http-nio-8080-exec-1:16764 ] - [ INFO ] Completed initialization in 30 ms
2022-08-14 22:30:24 [ pool-1-thread-1:17046 ] - [ INFO ] HikariPool-1 - Starting...
2022-08-14 22:30:25 [ pool-1-thread-1:18620 ] - [ INFO ] HikariPool-1 - Start completed.
